2019-03-04 21:24:22,073 [MainThread  ] [INFO ]  Using default config.
2019-03-04 21:24:22,076 [MainThread  ] [WARNI]  Using temporary folder as model directory: /tmp/tmpwon92cln
2019-03-04 21:24:22,078 [MainThread  ] [INFO ]  Using config: {'_task_type': None, '_task_id': 0, '_cluster_spec': <tensorflow.python.training.server_lib.ClusterSpec object at 0x7f148caf6da0>, '_master': '', '_num_ps_replicas': 0, '_num_worker_replicas': 0, '_environment': 'local', '_is_chief': True, '_evaluation_master': '', '_tf_config': gpu_options {
  per_process_gpu_memory_fraction: 1.0
}
, '_tf_random_seed': None, '_save_summary_steps': 100, '_save_checkpoints_secs': 600, '_log_step_count_steps': 100, '_session_config': None, '_save_checkpoints_steps': None, '_keep_checkpoint_max': 5, '_keep_checkpoint_every_n_hours': 10000, '_model_dir': '/tmp/tmpwon92cln'}
2019-03-04 21:24:22,381 [MainThread  ] [INFO ]  Constructing forest with params = 
2019-03-04 21:24:22,389 [MainThread  ] [INFO ]  {'num_trees': 48, 'max_nodes': 1000, 'bagging_fraction': 1.0, 'feature_bagging_fraction': 1.0, 'num_splits_to_consider': 10, 'max_fertile_nodes': 0, 'split_after_samples': 250, 'valid_leaf_threshold': 1, 'dominate_method': 'bootstrap', 'dominate_fraction': 0.99, 'model_name': 'all_dense', 'split_finish_name': 'basic', 'split_pruning_name': 'none', 'collate_examples': False, 'checkpoint_stats': False, 'use_running_stats_method': False, 'initialize_average_splits': False, 'inference_tree_paths': False, 'param_file': None, 'split_name': 'less_or_equal', 'early_finish_check_every_samples': 0, 'prune_every_samples': 0, 'regression': True, 'num_classes': 2, 'num_features': 48, 'num_outputs': 2, 'bagged_num_features': 48, 'bagged_features': None, 'num_output_columns': 3, 'base_random_seed': 0, 'leaf_model_type': 2, 'stats_model_type': 2, 'finish_type': 0, 'pruning_type': 0, 'split_type': 0}
2019-03-04 21:24:22,902 [MainThread  ] [INFO ]  dense_features_size: 48 dense: [{name: features original_type: 0 size: 48}] sparse: []
2019-03-04 21:24:23,048 [MainThread  ] [INFO ]  dense_features_size: 48 dense: [{name: features original_type: 0 size: 48}] sparse: []
2019-03-04 21:24:23,622 [MainThread  ] [INFO ]  Create CheckpointSaverHook.
2019-03-04 21:24:23,987 [MainThread  ] [WARNI]  Error encountered when serializing resources.
Type is unsupported, or the types of the items don't match field type in CollectionDef.
'_Resource' object has no attribute 'name'
2019-03-04 21:24:26,163 [MainThread  ] [WARNI]  Error encountered when serializing resources.
Type is unsupported, or the types of the items don't match field type in CollectionDef.
'_Resource' object has no attribute 'name'
2019-03-04 21:24:28,811 [MainThread  ] [INFO ]  Saving checkpoints for 1 into /tmp/tmpwon92cln/model.ckpt.
2019-03-04 21:24:28,990 [MainThread  ] [WARNI]  Error encountered when serializing resources.
Type is unsupported, or the types of the items don't match field type in CollectionDef.
'_Resource' object has no attribute 'name'
2019-03-04 21:24:29,065 [MainThread  ] [INFO ]  loss = 0.0064708823, step = 1
2019-03-04 21:24:29,068 [MainThread  ] [INFO ]  TensorForestLossHook resetting last_step.
2019-03-04 21:32:54,361 [MainThread  ] [INFO ]  global_step/sec: 0.197904
2019-03-04 21:32:54,368 [MainThread  ] [INFO ]  loss = 0.004960241, step = 101 (505.303 sec)
2019-03-04 21:34:27,121 [MainThread  ] [INFO ]  TensorForestLossHook requesting stop.
2019-03-04 21:34:27,123 [MainThread  ] [INFO ]  Saving checkpoints for 117 into /tmp/tmpwon92cln/model.ckpt.
2019-03-04 21:34:27,335 [MainThread  ] [WARNI]  Error encountered when serializing resources.
Type is unsupported, or the types of the items don't match field type in CollectionDef.
'_Resource' object has no attribute 'name'
2019-03-04 21:34:27,446 [MainThread  ] [INFO ]  1: feature_importances: [0.02095833 0.022      0.01979167 0.0205     0.02066667 0.02229167
 0.02091667 0.020125   0.01870833 0.01520833 0.01641667 0.01691667
 0.02304167 0.02075    0.01904167 0.01525    0.01641667 0.020875
 0.021      0.02       0.01579167 0.024625   0.02129167 0.025125
 0.027625   0.02270833 0.01966667 0.02020833 0.018125   0.01408333
 0.02154167 0.01933333 0.01820833 0.0225     0.03295833 0.01825
 0.01958333 0.02995833 0.01908333 0.0195     0.02304167 0.02008333
 0.025625   0.02491667 0.026      0.02425    0.01725    0.01779167]
2019-03-04 21:34:27,698 [MainThread  ] [INFO ]  9: clean up resources: None
2019-03-04 21:34:27,728 [MainThread  ] [INFO ]  Loss for final step: 0.0049602427.
2019-03-04 21:34:27,829 [MainThread  ] [INFO ]  Constructing forest with params = 
2019-03-04 21:34:27,832 [MainThread  ] [INFO ]  {'num_trees': 48, 'max_nodes': 1000, 'bagging_fraction': 1.0, 'feature_bagging_fraction': 1.0, 'num_splits_to_consider': 10, 'max_fertile_nodes': 0, 'split_after_samples': 250, 'valid_leaf_threshold': 1, 'dominate_method': 'bootstrap', 'dominate_fraction': 0.99, 'model_name': 'all_dense', 'split_finish_name': 'basic', 'split_pruning_name': 'none', 'collate_examples': False, 'checkpoint_stats': False, 'use_running_stats_method': False, 'initialize_average_splits': False, 'inference_tree_paths': False, 'param_file': None, 'split_name': 'less_or_equal', 'early_finish_check_every_samples': 0, 'prune_every_samples': 0, 'regression': True, 'num_classes': 2, 'num_features': 48, 'num_outputs': 2, 'bagged_num_features': 48, 'bagged_features': None, 'num_output_columns': 3, 'base_random_seed': 0, 'leaf_model_type': 2, 'stats_model_type': 2, 'finish_type': 0, 'pruning_type': 0, 'split_type': 0, 'params_proto': leaf_type: MODEL_REGRESSION
stats_type: STATS_LEAST_SQUARES_REGRESSION
pruning_type {
  prune_every_samples {
    constant_value: 0.0
  }
}
finish_type {
  check_every_steps {
    constant_value: 0.0
  }
}
num_trees: 48
max_nodes: 1000
is_regression: true
num_outputs: 2
num_splits_to_consider {
  constant_value: 10.0
}
split_after_samples {
  constant_value: 250.0
}
dominate_fraction {
  constant_value: 0.9900000095367432
}
num_features: 48
, 'serialized_params_proto': b'\x08\x02\x10\x02"\x07\n\x05\r\x00\x00\x00\x00*\x07\n\x05\r\x00\x00\x00\x00008\xe8\x07@\x01`\x02j\x05\r\x00\x00 Ar\x05\r\x00\x00zCz\x05\r\xa4p}?\xa8\x010'}
2019-03-04 21:34:28,529 [MainThread  ] [INFO ]  dense_features_size: 48 dense: [{name: features original_type: 0 size: 48}] sparse: []
2019-03-04 21:34:28,866 [MainThread  ] [INFO ]  Starting evaluation at 2019-03-04-19:34:28
2019-03-04 21:34:29,668 [MainThread  ] [INFO ]  Restoring parameters from /tmp/tmpwon92cln/model.ckpt-117
2019-03-04 21:34:30,394 [MainThread  ] [INFO ]  Finished evaluation at 2019-03-04-19:34:30
2019-03-04 21:34:30,397 [MainThread  ] [INFO ]  Saving dict for global step 117: global_step = 117, loss = 0.0018661472
2019-03-04 21:34:30,812 [MainThread  ] [WARNI]  Error encountered when serializing resources.
Type is unsupported, or the types of the items don't match field type in CollectionDef.
'_Resource' object has no attribute 'name'
2019-03-04 21:34:31,015 [MainThread  ] [INFO ]  Constructing forest with params = 
2019-03-04 21:34:31,016 [MainThread  ] [INFO ]  {'num_trees': 48, 'max_nodes': 1000, 'bagging_fraction': 1.0, 'feature_bagging_fraction': 1.0, 'num_splits_to_consider': 10, 'max_fertile_nodes': 0, 'split_after_samples': 250, 'valid_leaf_threshold': 1, 'dominate_method': 'bootstrap', 'dominate_fraction': 0.99, 'model_name': 'all_dense', 'split_finish_name': 'basic', 'split_pruning_name': 'none', 'collate_examples': False, 'checkpoint_stats': False, 'use_running_stats_method': False, 'initialize_average_splits': False, 'inference_tree_paths': False, 'param_file': None, 'split_name': 'less_or_equal', 'early_finish_check_every_samples': 0, 'prune_every_samples': 0, 'regression': True, 'num_classes': 2, 'num_features': 48, 'num_outputs': 2, 'bagged_num_features': 48, 'bagged_features': None, 'num_output_columns': 3, 'base_random_seed': 0, 'leaf_model_type': 2, 'stats_model_type': 2, 'finish_type': 0, 'pruning_type': 0, 'split_type': 0, 'params_proto': leaf_type: MODEL_REGRESSION
stats_type: STATS_LEAST_SQUARES_REGRESSION
pruning_type {
  prune_every_samples {
    constant_value: 0.0
  }
}
finish_type {
  check_every_steps {
    constant_value: 0.0
  }
}
num_trees: 48
max_nodes: 1000
is_regression: true
num_outputs: 2
num_splits_to_consider {
  constant_value: 10.0
}
split_after_samples {
  constant_value: 250.0
}
dominate_fraction {
  constant_value: 0.9900000095367432
}
num_features: 48
, 'serialized_params_proto': b'\x08\x02\x10\x02"\x07\n\x05\r\x00\x00\x00\x00*\x07\n\x05\r\x00\x00\x00\x00008\xe8\x07@\x01`\x02j\x05\r\x00\x00 Ar\x05\r\x00\x00zCz\x05\r\xa4p}?\xa8\x010'}
2019-03-04 21:34:31,704 [MainThread  ] [INFO ]  dense_features_size: 48 dense: [{name: features original_type: 0 size: 48}] sparse: []
2019-03-04 21:34:33,098 [MainThread  ] [INFO ]  Restoring parameters from /tmp/tmpwon92cln/model.ckpt-117
