2019-03-04 22:20:01,920 [MainThread  ] [INFO ]  Using default config.
2019-03-04 22:20:01,924 [MainThread  ] [WARNI]  Using temporary folder as model directory: /tmp/tmp7rerhk0w
2019-03-04 22:20:01,931 [MainThread  ] [INFO ]  Using config: {'_task_type': None, '_task_id': 0, '_cluster_spec': <tensorflow.python.training.server_lib.ClusterSpec object at 0x7fe894c864e0>, '_master': '', '_num_ps_replicas': 0, '_num_worker_replicas': 0, '_environment': 'local', '_is_chief': True, '_evaluation_master': '', '_tf_config': gpu_options {
  per_process_gpu_memory_fraction: 1.0
}
, '_tf_random_seed': None, '_save_summary_steps': 100, '_save_checkpoints_secs': 600, '_log_step_count_steps': 100, '_session_config': None, '_save_checkpoints_steps': None, '_keep_checkpoint_max': 5, '_keep_checkpoint_every_n_hours': 10000, '_model_dir': '/tmp/tmp7rerhk0w'}
2019-03-04 22:20:02,596 [MainThread  ] [WARNI]  From /home/catalin/git_workspace/disertatie/random_forest_main.py:199: calling BaseEstimator.fit (from tensorflow.contrib.learn.python.learn.estimators.estimator) with x is deprecated and will be removed after 2016-12-01.
Instructions for updating:
Estimator is decoupled from Scikit Learn interface by moving into
separate class SKCompat. Arguments x, y and batch_size are only
available in the SKCompat class, Estimator will only accept input_fn.
Example conversion:
  est = Estimator(...) -> est = SKCompat(Estimator(...))
2019-03-04 22:20:02,622 [MainThread  ] [WARNI]  From /home/catalin/git_workspace/disertatie/random_forest_main.py:199: calling BaseEstimator.fit (from tensorflow.contrib.learn.python.learn.estimators.estimator) with y is deprecated and will be removed after 2016-12-01.
Instructions for updating:
Estimator is decoupled from Scikit Learn interface by moving into
separate class SKCompat. Arguments x, y and batch_size are only
available in the SKCompat class, Estimator will only accept input_fn.
Example conversion:
  est = Estimator(...) -> est = SKCompat(Estimator(...))
2019-03-04 22:20:02,650 [MainThread  ] [INFO ]  Constructing forest with params = 
2019-03-04 22:20:02,656 [MainThread  ] [INFO ]  {'num_trees': 39, 'max_nodes': 1000, 'bagging_fraction': 1.0, 'feature_bagging_fraction': 1.0, 'num_splits_to_consider': 10, 'max_fertile_nodes': 0, 'split_after_samples': 250, 'valid_leaf_threshold': 1, 'dominate_method': 'bootstrap', 'dominate_fraction': 0.99, 'model_name': 'all_dense', 'split_finish_name': 'basic', 'split_pruning_name': 'none', 'collate_examples': False, 'checkpoint_stats': False, 'use_running_stats_method': False, 'initialize_average_splits': False, 'inference_tree_paths': False, 'param_file': None, 'split_name': 'less_or_equal', 'early_finish_check_every_samples': 0, 'prune_every_samples': 0, 'regression': True, 'num_classes': 2, 'num_features': 39, 'num_outputs': 2, 'bagged_num_features': 39, 'bagged_features': None, 'num_output_columns': 3, 'base_random_seed': 0, 'leaf_model_type': 2, 'stats_model_type': 2, 'finish_type': 0, 'pruning_type': 0, 'split_type': 0}
2019-03-04 22:20:03,372 [MainThread  ] [INFO ]  dense_features_size: 39 dense: [{name: features original_type: 0 size: 39}] sparse: []
2019-03-04 22:20:03,542 [MainThread  ] [INFO ]  dense_features_size: 39 dense: [{name: features original_type: 0 size: 39}] sparse: []
2019-03-04 22:20:03,910 [MainThread  ] [WARNI]  From /home/catalin/anaconda3/lib/python3.6/site-packages/tensorflow/contrib/tensor_forest/client/random_forest.py:193: get_global_step (from tensorflow.contrib.framework.python.ops.variables) is deprecated and will be removed in a future version.
Instructions for updating:
Please switch to tf.train.get_global_step
2019-03-04 22:20:04,026 [MainThread  ] [INFO ]  Create CheckpointSaverHook.
2019-03-04 22:20:04,266 [MainThread  ] [WARNI]  Error encountered when serializing resources.
Type is unsupported, or the types of the items don't match field type in CollectionDef.
'_Resource' object has no attribute 'name'
2019-03-04 22:20:06,476 [MainThread  ] [WARNI]  Error encountered when serializing resources.
Type is unsupported, or the types of the items don't match field type in CollectionDef.
'_Resource' object has no attribute 'name'
2019-03-04 22:20:08,725 [MainThread  ] [INFO ]  Saving checkpoints for 1 into /tmp/tmp7rerhk0w/model.ckpt.
2019-03-04 22:20:08,894 [MainThread  ] [WARNI]  Error encountered when serializing resources.
Type is unsupported, or the types of the items don't match field type in CollectionDef.
'_Resource' object has no attribute 'name'
2019-03-04 22:20:08,965 [MainThread  ] [INFO ]  loss = 0.0064708823, step = 1
2019-03-04 22:20:08,968 [MainThread  ] [INFO ]  TensorForestLossHook resetting last_step.
